The target system is: QNX - 7 - 
The host system is: Linux - 5.4.0-135-generic - x86_64
Compiling the C compiler identification source file "CMakeCCompilerId.c" succeeded.
Compiler: /home/uss/qnx710_sdp_desay/qnx710/host/linux/x86_64/usr/bin/qcc 
Build flags: ;-D__LINUX__;-D__linux__;-D__AB02A_PLATFORM__
Id flags:  

The output was:
0


Compilation of the C compiler identification source "CMakeCCompilerId.c" produced "a.out"

The C compiler identification is GNU, found in "/home/uss/A8E.X3V.B1.20230117.S.E04.PS/App/pps_a8e_test_v36/pps_a8e_test/build/CMakeFiles/3.10.2/CompilerIdC/a.out"

Compiling the CXX compiler identification source file "CMakeCXXCompilerId.cpp" succeeded.
Compiler: /home/uss/qnx710_sdp_desay/qnx710/host/linux/x86_64/usr/bin/qcc 
Build flags: ;-D__LINUX__;-D__linux__;-D__AB02A_PLATFORM__
Id flags:  

The output was:
0


Compilation of the CXX compiler identification source "CMakeCXXCompilerId.cpp" produced "a.out"

The CXX compiler identification is GNU, found in "/home/uss/A8E.X3V.B1.20230117.S.E04.PS/App/pps_a8e_test_v36/pps_a8e_test/build/CMakeFiles/3.10.2/CompilerIdCXX/a.out"

Determining if the C compiler works passed with the following output:
Change Dir: /home/uss/A8E.X3V.B1.20230117.S.E04.PS/App/pps_a8e_test_v36/pps_a8e_test/build/CMakeFiles/CMakeTmp

Run Build Command:"/home/uss/qnx710_sdp_desay/qnx710/host/linux/x86_64/usr/bin/make" "cmTC_8ef16/fast"
make -f CMakeFiles/cmTC_8ef16.dir/build.make CMakeFiles/cmTC_8ef16.dir/build
make[1]: Entering directory '/home/uss/A8E.X3V.B1.20230117.S.E04.PS/App/pps_a8e_test_v36/pps_a8e_test/build/CMakeFiles/CMakeTmp'
Building C object CMakeFiles/cmTC_8ef16.dir/testCCompiler.c.o
/home/uss/qnx710_sdp_desay/qnx710/host/linux/x86_64/usr/bin/qcc   -D__LINUX__ -D__linux__ -D__AB02A_PLATFORM__    -o CMakeFiles/cmTC_8ef16.dir/testCCompiler.c.o   -c /home/uss/A8E.X3V.B1.20230117.S.E04.PS/App/pps_a8e_test_v36/pps_a8e_test/build/CMakeFiles/CMakeTmp/testCCompiler.c
Linking C executable cmTC_8ef16
/usr/bin/cmake -E cmake_link_script CMakeFiles/cmTC_8ef16.dir/link.txt --verbose=1
/home/uss/qnx710_sdp_desay/qnx710/host/linux/x86_64/usr/bin/qcc -D__LINUX__ -D__linux__ -D__AB02A_PLATFORM__     CMakeFiles/cmTC_8ef16.dir/testCCompiler.c.o  -o cmTC_8ef16 
make[1]: Leaving directory '/home/uss/A8E.X3V.B1.20230117.S.E04.PS/App/pps_a8e_test_v36/pps_a8e_test/build/CMakeFiles/CMakeTmp'


Detecting C compiler ABI info compiled with the following output:
Change Dir: /home/uss/A8E.X3V.B1.20230117.S.E04.PS/App/pps_a8e_test_v36/pps_a8e_test/build/CMakeFiles/CMakeTmp

Run Build Command:"/home/uss/qnx710_sdp_desay/qnx710/host/linux/x86_64/usr/bin/make" "cmTC_28aa9/fast"
make -f CMakeFiles/cmTC_28aa9.dir/build.make CMakeFiles/cmTC_28aa9.dir/build
make[1]: Entering directory '/home/uss/A8E.X3V.B1.20230117.S.E04.PS/App/pps_a8e_test_v36/pps_a8e_test/build/CMakeFiles/CMakeTmp'
Building C object CMakeFiles/cmTC_28aa9.dir/CMakeCCompilerABI.c.o
/home/uss/qnx710_sdp_desay/qnx710/host/linux/x86_64/usr/bin/qcc   -D__LINUX__ -D__linux__ -D__AB02A_PLATFORM__    -o CMakeFiles/cmTC_28aa9.dir/CMakeCCompilerABI.c.o   -c /usr/share/cmake-3.10/Modules/CMakeCCompilerABI.c
Linking C executable cmTC_28aa9
/usr/bin/cmake -E cmake_link_script CMakeFiles/cmTC_28aa9.dir/link.txt --verbose=1
/home/uss/qnx710_sdp_desay/qnx710/host/linux/x86_64/usr/bin/qcc -D__LINUX__ -D__linux__ -D__AB02A_PLATFORM__    -v CMakeFiles/cmTC_28aa9.dir/CMakeCCompilerABI.c.o  -o cmTC_28aa9 
cc: looking for gcc_ntox86_64 in /home/uss/qnx710_sdp_desay/qnx710/host/linux/x86_64/etc/qcc/gcc/8.3.0/gcc_ntox86_64++.conf
cc: looking for gcc_ntox86_64 in /home/uss/qnx710_sdp_desay/qnx710/host/linux/x86_64/etc/qcc/gcc/8.3.0/gcc_ntox86_64.conf
/home/uss/qnx710_sdp_desay/qnx710/host/linux/x86_64/usr/bin/x86_64-pc-nto-qnx7.1.0-ld -plugin=/home/uss/qnx710_sdp_desay/qnx710/host/linux/x86_64/usr/lib/gcc/x86_64-pc-nto-qnx7.1.0/8.3.0/liblto_plugin.so -plugin-opt=/home/uss/qnx710_sdp_desay/qnx710/host/linux/x86_64/usr/lib/gcc/x86_64-pc-nto-qnx7.1.0/8.3.0/lto-wrapper -plugin-opt=-fresolution=/tmp/fileKgAvyH_qcc_4434/tmp_qcc_4434.res --dynamic-linker /usr/lib/ldqnx-64.so.2 --sysroot=/home/uss/qnx710_sdp_desay/qnx710/target/qnx7/x86_64/ --hash-style=gnu --build-id=md5 --warn-shared-textrel -zrelro -znow -pie --eh-frame-hdr /home/uss/qnx710_sdp_desay/qnx710/target/qnx7/x86_64/lib/crt1.o /home/uss/qnx710_sdp_desay/qnx710/target/qnx7/x86_64/lib/crti.o /home/uss/qnx710_sdp_desay/qnx710/host/linux/x86_64/usr/lib/gcc/x86_64-pc-nto-qnx7.1.0/8.3.0/pic/crtbegin.o CMakeFiles/cmTC_28aa9.dir/CMakeCCompilerABI.c.o -o cmTC_28aa9 -rpath-link /home/uss/qnx710_sdp_desay/qnx710/target/qnx7/x86_64/lib:/home/uss/qnx710_sdp_desay/qnx710/target/qnx7/x86_64/usr/lib:/home/uss/qnx710_sdp_desay/qnx710/target/qnx7/x86_64/lib/gcc/8.3.0:/home/uss/qnx710_sdp_desay/qnx710/target/qnx7/x86_64/opt/lib -Y/home/uss/qnx710_sdp_desay/qnx710/target/qnx7/x86_64/lib:/home/uss/qnx710_sdp_desay/qnx710/target/qnx7/x86_64/usr/lib:/home/uss/qnx710_sdp_desay/qnx710/target/qnx7/x86_64/opt/lib -L/home/uss/qnx710_sdp_desay/qnx710/host/linux/x86_64/usr/lib/gcc/x86_64-pc-nto-qnx7.1.0/8.3.0 -L/home/uss/qnx710_sdp_desay/qnx710/target/qnx7/x86_64/lib/gcc/8.3.0 -L/home/uss/qnx710_sdp_desay/qnx710/target/qnx7/usr/x86_64-pc-nto-qnx7.1.0/lib -L/home/uss/qnx710_sdp_desay/qnx710/target/qnx7/x86_64/lib -L/home/uss/qnx710_sdp_desay/qnx710/target/qnx7/x86_64/usr/lib -L/home/uss/qnx710_sdp_desay/qnx710/target/qnx7/x86_64/opt/lib -lc -lcS -lgcc_s -lgcc_eh /home/uss/qnx710_sdp_desay/qnx710/host/linux/x86_64/usr/lib/gcc/x86_64-pc-nto-qnx7.1.0/8.3.0/pic/crtend.o /home/uss/qnx710_sdp_desay/qnx710/target/qnx7/x86_64/lib/crtn.o
cc: unlinking /tmp/fileKgAvyH_qcc_4434/tmp_qcc_4434.res
cc: removing  /tmp/fileKgAvyH_qcc_4434
make[1]: Leaving directory '/home/uss/A8E.X3V.B1.20230117.S.E04.PS/App/pps_a8e_test_v36/pps_a8e_test/build/CMakeFiles/CMakeTmp'


Parsed C implicit link information from above output:
  link line regex: [^( *|.*[/\])(ld|CMAKE_LINK_STARTFILE-NOTFOUND|([^/\]+-)?ld|collect2)[^/\]*( |$)]
  ignore line: [Change Dir: /home/uss/A8E.X3V.B1.20230117.S.E04.PS/App/pps_a8e_test_v36/pps_a8e_test/build/CMakeFiles/CMakeTmp]
  ignore line: []
  ignore line: [Run Build Command:"/home/uss/qnx710_sdp_desay/qnx710/host/linux/x86_64/usr/bin/make" "cmTC_28aa9/fast"]
  ignore line: [make -f CMakeFiles/cmTC_28aa9.dir/build.make CMakeFiles/cmTC_28aa9.dir/build]
  ignore line: [make[1]: Entering directory '/home/uss/A8E.X3V.B1.20230117.S.E04.PS/App/pps_a8e_test_v36/pps_a8e_test/build/CMakeFiles/CMakeTmp']
  ignore line: [Building C object CMakeFiles/cmTC_28aa9.dir/CMakeCCompilerABI.c.o]
  ignore line: [/home/uss/qnx710_sdp_desay/qnx710/host/linux/x86_64/usr/bin/qcc   -D__LINUX__ -D__linux__ -D__AB02A_PLATFORM__    -o CMakeFiles/cmTC_28aa9.dir/CMakeCCompilerABI.c.o   -c /usr/share/cmake-3.10/Modules/CMakeCCompilerABI.c]
  ignore line: [Linking C executable cmTC_28aa9]
  ignore line: [/usr/bin/cmake -E cmake_link_script CMakeFiles/cmTC_28aa9.dir/link.txt --verbose=1]
  ignore line: [/home/uss/qnx710_sdp_desay/qnx710/host/linux/x86_64/usr/bin/qcc -D__LINUX__ -D__linux__ -D__AB02A_PLATFORM__    -v CMakeFiles/cmTC_28aa9.dir/CMakeCCompilerABI.c.o  -o cmTC_28aa9 ]
  ignore line: [cc: looking for gcc_ntox86_64 in /home/uss/qnx710_sdp_desay/qnx710/host/linux/x86_64/etc/qcc/gcc/8.3.0/gcc_ntox86_64++.conf]
  ignore line: [cc: looking for gcc_ntox86_64 in /home/uss/qnx710_sdp_desay/qnx710/host/linux/x86_64/etc/qcc/gcc/8.3.0/gcc_ntox86_64.conf]
  link line: [/home/uss/qnx710_sdp_desay/qnx710/host/linux/x86_64/usr/bin/x86_64-pc-nto-qnx7.1.0-ld -plugin=/home/uss/qnx710_sdp_desay/qnx710/host/linux/x86_64/usr/lib/gcc/x86_64-pc-nto-qnx7.1.0/8.3.0/liblto_plugin.so -plugin-opt=/home/uss/qnx710_sdp_desay/qnx710/host/linux/x86_64/usr/lib/gcc/x86_64-pc-nto-qnx7.1.0/8.3.0/lto-wrapper -plugin-opt=-fresolution=/tmp/fileKgAvyH_qcc_4434/tmp_qcc_4434.res --dynamic-linker /usr/lib/ldqnx-64.so.2 --sysroot=/home/uss/qnx710_sdp_desay/qnx710/target/qnx7/x86_64/ --hash-style=gnu --build-id=md5 --warn-shared-textrel -zrelro -znow -pie --eh-frame-hdr /home/uss/qnx710_sdp_desay/qnx710/target/qnx7/x86_64/lib/crt1.o /home/uss/qnx710_sdp_desay/qnx710/target/qnx7/x86_64/lib/crti.o /home/uss/qnx710_sdp_desay/qnx710/host/linux/x86_64/usr/lib/gcc/x86_64-pc-nto-qnx7.1.0/8.3.0/pic/crtbegin.o CMakeFiles/cmTC_28aa9.dir/CMakeCCompilerABI.c.o -o cmTC_28aa9 -rpath-link /home/uss/qnx710_sdp_desay/qnx710/target/qnx7/x86_64/lib:/home/uss/qnx710_sdp_desay/qnx710/target/qnx7/x86_64/usr/lib:/home/uss/qnx710_sdp_desay/qnx710/target/qnx7/x86_64/lib/gcc/8.3.0:/home/uss/qnx710_sdp_desay/qnx710/target/qnx7/x86_64/opt/lib -Y/home/uss/qnx710_sdp_desay/qnx710/target/qnx7/x86_64/lib:/home/uss/qnx710_sdp_desay/qnx710/target/qnx7/x86_64/usr/lib:/home/uss/qnx710_sdp_desay/qnx710/target/qnx7/x86_64/opt/lib -L/home/uss/qnx710_sdp_desay/qnx710/host/linux/x86_64/usr/lib/gcc/x86_64-pc-nto-qnx7.1.0/8.3.0 -L/home/uss/qnx710_sdp_desay/qnx710/target/qnx7/x86_64/lib/gcc/8.3.0 -L/home/uss/qnx710_sdp_desay/qnx710/target/qnx7/usr/x86_64-pc-nto-qnx7.1.0/lib -L/home/uss/qnx710_sdp_desay/qnx710/target/qnx7/x86_64/lib -L/home/uss/qnx710_sdp_desay/qnx710/target/qnx7/x86_64/usr/lib -L/home/uss/qnx710_sdp_desay/qnx710/target/qnx7/x86_64/opt/lib -lc -lcS -lgcc_s -lgcc_eh /home/uss/qnx710_sdp_desay/qnx710/host/linux/x86_64/usr/lib/gcc/x86_64-pc-nto-qnx7.1.0/8.3.0/pic/crtend.o /home/uss/qnx710_sdp_desay/qnx710/target/qnx7/x86_64/lib/crtn.o]
    arg [/home/uss/qnx710_sdp_desay/qnx710/host/linux/x86_64/usr/bin/x86_64-pc-nto-qnx7.1.0-ld] ==> ignore
    arg [-plugin=/home/uss/qnx710_sdp_desay/qnx710/host/linux/x86_64/usr/lib/gcc/x86_64-pc-nto-qnx7.1.0/8.3.0/liblto_plugin.so] ==> ignore
    arg [-plugin-opt=/home/uss/qnx710_sdp_desay/qnx710/host/linux/x86_64/usr/lib/gcc/x86_64-pc-nto-qnx7.1.0/8.3.0/lto-wrapper] ==> ignore
    arg [-plugin-opt=-fresolution=/tmp/fileKgAvyH_qcc_4434/tmp_qcc_4434.res] ==> ignore
    arg [--dynamic-linker] ==> ignore
    arg [/usr/lib/ldqnx-64.so.2] ==> ignore
    arg [--sysroot=/home/uss/qnx710_sdp_desay/qnx710/target/qnx7/x86_64/] ==> ignore
    arg [--hash-style=gnu] ==> ignore
    arg [--build-id=md5] ==> ignore
    arg [--warn-shared-textrel] ==> ignore
    arg [-zrelro] ==> ignore
    arg [-znow] ==> ignore
    arg [-pie] ==> ignore
    arg [--eh-frame-hdr] ==> ignore
    arg [/home/uss/qnx710_sdp_desay/qnx710/target/qnx7/x86_64/lib/crt1.o] ==> ignore
    arg [/home/uss/qnx710_sdp_desay/qnx710/target/qnx7/x86_64/lib/crti.o] ==> ignore
    arg [/home/uss/qnx710_sdp_desay/qnx710/host/linux/x86_64/usr/lib/gcc/x86_64-pc-nto-qnx7.1.0/8.3.0/pic/crtbegin.o] ==> ignore
    arg [CMakeFiles/cmTC_28aa9.dir/CMakeCCompilerABI.c.o] ==> ignore
    arg [-o] ==> ignore
    arg [cmTC_28aa9] ==> ignore
    arg [-rpath-link] ==> ignore
    arg [/home/uss/qnx710_sdp_desay/qnx710/target/qnx7/x86_64/lib:/home/uss/qnx710_sdp_desay/qnx710/target/qnx7/x86_64/usr/lib:/home/uss/qnx710_sdp_desay/qnx710/target/qnx7/x86_64/lib/gcc/8.3.0:/home/uss/qnx710_sdp_desay/qnx710/target/qnx7/x86_64/opt/lib] ==> ignore
    arg [-Y/home/uss/qnx710_sdp_desay/qnx710/target/qnx7/x86_64/lib:/home/uss/qnx710_sdp_desay/qnx710/target/qnx7/x86_64/usr/lib:/home/uss/qnx710_sdp_desay/qnx710/target/qnx7/x86_64/opt/lib] ==> dirs [/home/uss/qnx710_sdp_desay/qnx710/target/qnx7/x86_64/lib;/home/uss/qnx710_sdp_desay/qnx710/target/qnx7/x86_64/usr/lib;/home/uss/qnx710_sdp_desay/qnx710/target/qnx7/x86_64/opt/lib]
    arg [-L/home/uss/qnx710_sdp_desay/qnx710/host/linux/x86_64/usr/lib/gcc/x86_64-pc-nto-qnx7.1.0/8.3.0] ==> dir [/home/uss/qnx710_sdp_desay/qnx710/host/linux/x86_64/usr/lib/gcc/x86_64-pc-nto-qnx7.1.0/8.3.0]
    arg [-L/home/uss/qnx710_sdp_desay/qnx710/target/qnx7/x86_64/lib/gcc/8.3.0] ==> dir [/home/uss/qnx710_sdp_desay/qnx710/target/qnx7/x86_64/lib/gcc/8.3.0]
    arg [-L/home/uss/qnx710_sdp_desay/qnx710/target/qnx7/usr/x86_64-pc-nto-qnx7.1.0/lib] ==> dir [/home/uss/qnx710_sdp_desay/qnx710/target/qnx7/usr/x86_64-pc-nto-qnx7.1.0/lib]
    arg [-L/home/uss/qnx710_sdp_desay/qnx710/target/qnx7/x86_64/lib] ==> dir [/home/uss/qnx710_sdp_desay/qnx710/target/qnx7/x86_64/lib]
    arg [-L/home/uss/qnx710_sdp_desay/qnx710/target/qnx7/x86_64/usr/lib] ==> dir [/home/uss/qnx710_sdp_desay/qnx710/target/qnx7/x86_64/usr/lib]
    arg [-L/home/uss/qnx710_sdp_desay/qnx710/target/qnx7/x86_64/opt/lib] ==> dir [/home/uss/qnx710_sdp_desay/qnx710/target/qnx7/x86_64/opt/lib]
    arg [-lc] ==> lib [c]
    arg [-lcS] ==> lib [cS]
    arg [-lgcc_s] ==> lib [gcc_s]
    arg [-lgcc_eh] ==> lib [gcc_eh]
    arg [/home/uss/qnx710_sdp_desay/qnx710/host/linux/x86_64/usr/lib/gcc/x86_64-pc-nto-qnx7.1.0/8.3.0/pic/crtend.o] ==> ignore
    arg [/home/uss/qnx710_sdp_desay/qnx710/target/qnx7/x86_64/lib/crtn.o] ==> ignore
  remove lib [gcc_eh]
  collapse library dir [/home/uss/qnx710_sdp_desay/qnx710/target/qnx7/x86_64/lib] ==> [/home/uss/qnx710_sdp_desay/qnx710/target/qnx7/x86_64/lib]
  collapse library dir [/home/uss/qnx710_sdp_desay/qnx710/target/qnx7/x86_64/usr/lib] ==> [/home/uss/qnx710_sdp_desay/qnx710/target/qnx7/x86_64/usr/lib]
  collapse library dir [/home/uss/qnx710_sdp_desay/qnx710/target/qnx7/x86_64/opt/lib] ==> [/home/uss/qnx710_sdp_desay/qnx710/target/qnx7/x86_64/opt/lib]
  collapse library dir [/home/uss/qnx710_sdp_desay/qnx710/host/linux/x86_64/usr/lib/gcc/x86_64-pc-nto-qnx7.1.0/8.3.0] ==> [/home/uss/qnx710_sdp_desay/qnx710/host/linux/x86_64/usr/lib/gcc/x86_64-pc-nto-qnx7.1.0/8.3.0]
  collapse library dir [/home/uss/qnx710_sdp_desay/qnx710/target/qnx7/x86_64/lib/gcc/8.3.0] ==> [/home/uss/qnx710_sdp_desay/qnx710/target/qnx7/x86_64/lib/gcc/8.3.0]
  collapse library dir [/home/uss/qnx710_sdp_desay/qnx710/target/qnx7/usr/x86_64-pc-nto-qnx7.1.0/lib] ==> [/home/uss/qnx710_sdp_desay/qnx710/target/qnx7/usr/x86_64-pc-nto-qnx7.1.0/lib]
  collapse library dir [/home/uss/qnx710_sdp_desay/qnx710/target/qnx7/x86_64/lib] ==> [/home/uss/qnx710_sdp_desay/qnx710/target/qnx7/x86_64/lib]
  collapse library dir [/home/uss/qnx710_sdp_desay/qnx710/target/qnx7/x86_64/usr/lib] ==> [/home/uss/qnx710_sdp_desay/qnx710/target/qnx7/x86_64/usr/lib]
  collapse library dir [/home/uss/qnx710_sdp_desay/qnx710/target/qnx7/x86_64/opt/lib] ==> [/home/uss/qnx710_sdp_desay/qnx710/target/qnx7/x86_64/opt/lib]
  implicit libs: [c;cS;gcc_s]
  implicit dirs: [/home/uss/qnx710_sdp_desay/qnx710/target/qnx7/x86_64/lib;/home/uss/qnx710_sdp_desay/qnx710/target/qnx7/x86_64/usr/lib;/home/uss/qnx710_sdp_desay/qnx710/target/qnx7/x86_64/opt/lib;/home/uss/qnx710_sdp_desay/qnx710/host/linux/x86_64/usr/lib/gcc/x86_64-pc-nto-qnx7.1.0/8.3.0;/home/uss/qnx710_sdp_desay/qnx710/target/qnx7/x86_64/lib/gcc/8.3.0;/home/uss/qnx710_sdp_desay/qnx710/target/qnx7/usr/x86_64-pc-nto-qnx7.1.0/lib]
  implicit fwks: []


Determining if the CXX compiler works passed with the following output:
Change Dir: /home/uss/A8E.X3V.B1.20230117.S.E04.PS/App/pps_a8e_test_v36/pps_a8e_test/build/CMakeFiles/CMakeTmp

Run Build Command:"/home/uss/qnx710_sdp_desay/qnx710/host/linux/x86_64/usr/bin/make" "cmTC_f61f2/fast"
make -f CMakeFiles/cmTC_f61f2.dir/build.make CMakeFiles/cmTC_f61f2.dir/build
make[1]: Entering directory '/home/uss/A8E.X3V.B1.20230117.S.E04.PS/App/pps_a8e_test_v36/pps_a8e_test/build/CMakeFiles/CMakeTmp'
Building CXX object CMakeFiles/cmTC_f61f2.dir/testCXXCompiler.cxx.o
/home/uss/qnx710_sdp_desay/qnx710/host/linux/x86_64/usr/bin/qcc -lang-c++   -D__LINUX__ -D__linux__ -D__AB02A_PLATFORM__    -o CMakeFiles/cmTC_f61f2.dir/testCXXCompiler.cxx.o -c /home/uss/A8E.X3V.B1.20230117.S.E04.PS/App/pps_a8e_test_v36/pps_a8e_test/build/CMakeFiles/CMakeTmp/testCXXCompiler.cxx
Linking CXX executable cmTC_f61f2
/usr/bin/cmake -E cmake_link_script CMakeFiles/cmTC_f61f2.dir/link.txt --verbose=1
/home/uss/qnx710_sdp_desay/qnx710/host/linux/x86_64/usr/bin/qcc -lang-c++ -D__LINUX__ -D__linux__ -D__AB02A_PLATFORM__     CMakeFiles/cmTC_f61f2.dir/testCXXCompiler.cxx.o  -o cmTC_f61f2 
make[1]: Leaving directory '/home/uss/A8E.X3V.B1.20230117.S.E04.PS/App/pps_a8e_test_v36/pps_a8e_test/build/CMakeFiles/CMakeTmp'


Detecting CXX compiler ABI info compiled with the following output:
Change Dir: /home/uss/A8E.X3V.B1.20230117.S.E04.PS/App/pps_a8e_test_v36/pps_a8e_test/build/CMakeFiles/CMakeTmp

Run Build Command:"/home/uss/qnx710_sdp_desay/qnx710/host/linux/x86_64/usr/bin/make" "cmTC_a3b7f/fast"
make -f CMakeFiles/cmTC_a3b7f.dir/build.make CMakeFiles/cmTC_a3b7f.dir/build
make[1]: Entering directory '/home/uss/A8E.X3V.B1.20230117.S.E04.PS/App/pps_a8e_test_v36/pps_a8e_test/build/CMakeFiles/CMakeTmp'
Building CXX object CMakeFiles/cmTC_a3b7f.dir/CMakeCXXCompilerABI.cpp.o
/home/uss/qnx710_sdp_desay/qnx710/host/linux/x86_64/usr/bin/qcc -lang-c++   -D__LINUX__ -D__linux__ -D__AB02A_PLATFORM__    -o CMakeFiles/cmTC_a3b7f.dir/CMakeCXXCompilerABI.cpp.o -c /usr/share/cmake-3.10/Modules/CMakeCXXCompilerABI.cpp
Linking CXX executable cmTC_a3b7f
/usr/bin/cmake -E cmake_link_script CMakeFiles/cmTC_a3b7f.dir/link.txt --verbose=1
/home/uss/qnx710_sdp_desay/qnx710/host/linux/x86_64/usr/bin/qcc -lang-c++ -D__LINUX__ -D__linux__ -D__AB02A_PLATFORM__    -v CMakeFiles/cmTC_a3b7f.dir/CMakeCXXCompilerABI.cpp.o  -o cmTC_a3b7f 
cc: looking for gcc_ntox86_64 in /home/uss/qnx710_sdp_desay/qnx710/host/linux/x86_64/etc/qcc/gcc/8.3.0/gcc_ntox86_64++.conf
cc: looking for gcc_ntox86_64 in /home/uss/qnx710_sdp_desay/qnx710/host/linux/x86_64/etc/qcc/gcc/8.3.0/gcc_ntox86_64.conf
/home/uss/qnx710_sdp_desay/qnx710/host/linux/x86_64/usr/bin/x86_64-pc-nto-qnx7.1.0-ld -plugin=/home/uss/qnx710_sdp_desay/qnx710/host/linux/x86_64/usr/lib/gcc/x86_64-pc-nto-qnx7.1.0/8.3.0/liblto_plugin.so -plugin-opt=/home/uss/qnx710_sdp_desay/qnx710/host/linux/x86_64/usr/lib/gcc/x86_64-pc-nto-qnx7.1.0/8.3.0/lto-wrapper -plugin-opt=-fresolution=/tmp/filehFlwqQ_qcc_4458/tmp_qcc_4458.res --dynamic-linker /usr/lib/ldqnx-64.so.2 --sysroot=/home/uss/qnx710_sdp_desay/qnx710/target/qnx7/x86_64/ --hash-style=gnu --build-id=md5 --warn-shared-textrel -zrelro -znow -pie --eh-frame-hdr /home/uss/qnx710_sdp_desay/qnx710/target/qnx7/x86_64/lib/crt1.o /home/uss/qnx710_sdp_desay/qnx710/target/qnx7/x86_64/lib/crti.o /home/uss/qnx710_sdp_desay/qnx710/host/linux/x86_64/usr/lib/gcc/x86_64-pc-nto-qnx7.1.0/8.3.0/pic/crtbegin.o CMakeFiles/cmTC_a3b7f.dir/CMakeCXXCompilerABI.cpp.o -o cmTC_a3b7f -rpath-link /home/uss/qnx710_sdp_desay/qnx710/target/qnx7/x86_64/lib:/home/uss/qnx710_sdp_desay/qnx710/target/qnx7/x86_64/usr/lib:/home/uss/qnx710_sdp_desay/qnx710/target/qnx7/x86_64/lib/gcc/8.3.0:/home/uss/qnx710_sdp_desay/qnx710/target/qnx7/x86_64/opt/lib -Y/home/uss/qnx710_sdp_desay/qnx710/target/qnx7/x86_64/lib:/home/uss/qnx710_sdp_desay/qnx710/target/qnx7/x86_64/usr/lib:/home/uss/qnx710_sdp_desay/qnx710/target/qnx7/x86_64/opt/lib -L/home/uss/qnx710_sdp_desay/qnx710/host/linux/x86_64/usr/lib/gcc/x86_64-pc-nto-qnx7.1.0/8.3.0/ -L/home/uss/qnx710_sdp_desay/qnx710/target/qnx7/x86_64/lib/gcc/8.3.0 -L/home/uss/qnx710_sdp_desay/qnx710/target/qnx7/usr/x86_64-pc-nto-qnx7.1.0/lib/ -L/home/uss/qnx710_sdp_desay/qnx710/target/qnx7/x86_64/lib/ -L/home/uss/qnx710_sdp_desay/qnx710/target/qnx7/x86_64/lib -L/home/uss/qnx710_sdp_desay/qnx710/target/qnx7/x86_64/usr/lib -L/home/uss/qnx710_sdp_desay/qnx710/target/qnx7/x86_64/opt/lib -lc++ -lm -lc -lcS -lgcc_s -lgcc_eh /home/uss/qnx710_sdp_desay/qnx710/host/linux/x86_64/usr/lib/gcc/x86_64-pc-nto-qnx7.1.0/8.3.0/pic/crtend.o /home/uss/qnx710_sdp_desay/qnx710/target/qnx7/x86_64/lib/crtn.o
cc: unlinking /tmp/filehFlwqQ_qcc_4458/tmp_qcc_4458.res
cc: removing  /tmp/filehFlwqQ_qcc_4458
make[1]: Leaving directory '/home/uss/A8E.X3V.B1.20230117.S.E04.PS/App/pps_a8e_test_v36/pps_a8e_test/build/CMakeFiles/CMakeTmp'


Parsed CXX implicit link information from above output:
  link line regex: [^( *|.*[/\])(ld|CMAKE_LINK_STARTFILE-NOTFOUND|([^/\]+-)?ld|collect2)[^/\]*( |$)]
  ignore line: [Change Dir: /home/uss/A8E.X3V.B1.20230117.S.E04.PS/App/pps_a8e_test_v36/pps_a8e_test/build/CMakeFiles/CMakeTmp]
  ignore line: []
  ignore line: [Run Build Command:"/home/uss/qnx710_sdp_desay/qnx710/host/linux/x86_64/usr/bin/make" "cmTC_a3b7f/fast"]
  ignore line: [make -f CMakeFiles/cmTC_a3b7f.dir/build.make CMakeFiles/cmTC_a3b7f.dir/build]
  ignore line: [make[1]: Entering directory '/home/uss/A8E.X3V.B1.20230117.S.E04.PS/App/pps_a8e_test_v36/pps_a8e_test/build/CMakeFiles/CMakeTmp']
  ignore line: [Building CXX object CMakeFiles/cmTC_a3b7f.dir/CMakeCXXCompilerABI.cpp.o]
  ignore line: [/home/uss/qnx710_sdp_desay/qnx710/host/linux/x86_64/usr/bin/qcc -lang-c++   -D__LINUX__ -D__linux__ -D__AB02A_PLATFORM__    -o CMakeFiles/cmTC_a3b7f.dir/CMakeCXXCompilerABI.cpp.o -c /usr/share/cmake-3.10/Modules/CMakeCXXCompilerABI.cpp]
  ignore line: [Linking CXX executable cmTC_a3b7f]
  ignore line: [/usr/bin/cmake -E cmake_link_script CMakeFiles/cmTC_a3b7f.dir/link.txt --verbose=1]
  ignore line: [/home/uss/qnx710_sdp_desay/qnx710/host/linux/x86_64/usr/bin/qcc -lang-c++ -D__LINUX__ -D__linux__ -D__AB02A_PLATFORM__    -v CMakeFiles/cmTC_a3b7f.dir/CMakeCXXCompilerABI.cpp.o  -o cmTC_a3b7f ]
  ignore line: [cc: looking for gcc_ntox86_64 in /home/uss/qnx710_sdp_desay/qnx710/host/linux/x86_64/etc/qcc/gcc/8.3.0/gcc_ntox86_64++.conf]
  ignore line: [cc: looking for gcc_ntox86_64 in /home/uss/qnx710_sdp_desay/qnx710/host/linux/x86_64/etc/qcc/gcc/8.3.0/gcc_ntox86_64.conf]
  link line: [/home/uss/qnx710_sdp_desay/qnx710/host/linux/x86_64/usr/bin/x86_64-pc-nto-qnx7.1.0-ld -plugin=/home/uss/qnx710_sdp_desay/qnx710/host/linux/x86_64/usr/lib/gcc/x86_64-pc-nto-qnx7.1.0/8.3.0/liblto_plugin.so -plugin-opt=/home/uss/qnx710_sdp_desay/qnx710/host/linux/x86_64/usr/lib/gcc/x86_64-pc-nto-qnx7.1.0/8.3.0/lto-wrapper -plugin-opt=-fresolution=/tmp/filehFlwqQ_qcc_4458/tmp_qcc_4458.res --dynamic-linker /usr/lib/ldqnx-64.so.2 --sysroot=/home/uss/qnx710_sdp_desay/qnx710/target/qnx7/x86_64/ --hash-style=gnu --build-id=md5 --warn-shared-textrel -zrelro -znow -pie --eh-frame-hdr /home/uss/qnx710_sdp_desay/qnx710/target/qnx7/x86_64/lib/crt1.o /home/uss/qnx710_sdp_desay/qnx710/target/qnx7/x86_64/lib/crti.o /home/uss/qnx710_sdp_desay/qnx710/host/linux/x86_64/usr/lib/gcc/x86_64-pc-nto-qnx7.1.0/8.3.0/pic/crtbegin.o CMakeFiles/cmTC_a3b7f.dir/CMakeCXXCompilerABI.cpp.o -o cmTC_a3b7f -rpath-link /home/uss/qnx710_sdp_desay/qnx710/target/qnx7/x86_64/lib:/home/uss/qnx710_sdp_desay/qnx710/target/qnx7/x86_64/usr/lib:/home/uss/qnx710_sdp_desay/qnx710/target/qnx7/x86_64/lib/gcc/8.3.0:/home/uss/qnx710_sdp_desay/qnx710/target/qnx7/x86_64/opt/lib -Y/home/uss/qnx710_sdp_desay/qnx710/target/qnx7/x86_64/lib:/home/uss/qnx710_sdp_desay/qnx710/target/qnx7/x86_64/usr/lib:/home/uss/qnx710_sdp_desay/qnx710/target/qnx7/x86_64/opt/lib -L/home/uss/qnx710_sdp_desay/qnx710/host/linux/x86_64/usr/lib/gcc/x86_64-pc-nto-qnx7.1.0/8.3.0/ -L/home/uss/qnx710_sdp_desay/qnx710/target/qnx7/x86_64/lib/gcc/8.3.0 -L/home/uss/qnx710_sdp_desay/qnx710/target/qnx7/usr/x86_64-pc-nto-qnx7.1.0/lib/ -L/home/uss/qnx710_sdp_desay/qnx710/target/qnx7/x86_64/lib/ -L/home/uss/qnx710_sdp_desay/qnx710/target/qnx7/x86_64/lib -L/home/uss/qnx710_sdp_desay/qnx710/target/qnx7/x86_64/usr/lib -L/home/uss/qnx710_sdp_desay/qnx710/target/qnx7/x86_64/opt/lib -lc++ -lm -lc -lcS -lgcc_s -lgcc_eh /home/uss/qnx710_sdp_desay/qnx710/host/linux/x86_64/usr/lib/gcc/x86_64-pc-nto-qnx7.1.0/8.3.0/pic/crtend.o /home/uss/qnx710_sdp_desay/qnx710/target/qnx7/x86_64/lib/crtn.o]
    arg [/home/uss/qnx710_sdp_desay/qnx710/host/linux/x86_64/usr/bin/x86_64-pc-nto-qnx7.1.0-ld] ==> ignore
    arg [-plugin=/home/uss/qnx710_sdp_desay/qnx710/host/linux/x86_64/usr/lib/gcc/x86_64-pc-nto-qnx7.1.0/8.3.0/liblto_plugin.so] ==> ignore
    arg [-plugin-opt=/home/uss/qnx710_sdp_desay/qnx710/host/linux/x86_64/usr/lib/gcc/x86_64-pc-nto-qnx7.1.0/8.3.0/lto-wrapper] ==> ignore
    arg [-plugin-opt=-fresolution=/tmp/filehFlwqQ_qcc_4458/tmp_qcc_4458.res] ==> ignore
    arg [--dynamic-linker] ==> ignore
    arg [/usr/lib/ldqnx-64.so.2] ==> ignore
    arg [--sysroot=/home/uss/qnx710_sdp_desay/qnx710/target/qnx7/x86_64/] ==> ignore
    arg [--hash-style=gnu] ==> ignore
    arg [--build-id=md5] ==> ignore
    arg [--warn-shared-textrel] ==> ignore
    arg [-zrelro] ==> ignore
    arg [-znow] ==> ignore
    arg [-pie] ==> ignore
    arg [--eh-frame-hdr] ==> ignore
    arg [/home/uss/qnx710_sdp_desay/qnx710/target/qnx7/x86_64/lib/crt1.o] ==> ignore
    arg [/home/uss/qnx710_sdp_desay/qnx710/target/qnx7/x86_64/lib/crti.o] ==> ignore
    arg [/home/uss/qnx710_sdp_desay/qnx710/host/linux/x86_64/usr/lib/gcc/x86_64-pc-nto-qnx7.1.0/8.3.0/pic/crtbegin.o] ==> ignore
    arg [CMakeFiles/cmTC_a3b7f.dir/CMakeCXXCompilerABI.cpp.o] ==> ignore
    arg [-o] ==> ignore
    arg [cmTC_a3b7f] ==> ignore
    arg [-rpath-link] ==> ignore
    arg [/home/uss/qnx710_sdp_desay/qnx710/target/qnx7/x86_64/lib:/home/uss/qnx710_sdp_desay/qnx710/target/qnx7/x86_64/usr/lib:/home/uss/qnx710_sdp_desay/qnx710/target/qnx7/x86_64/lib/gcc/8.3.0:/home/uss/qnx710_sdp_desay/qnx710/target/qnx7/x86_64/opt/lib] ==> ignore
    arg [-Y/home/uss/qnx710_sdp_desay/qnx710/target/qnx7/x86_64/lib:/home/uss/qnx710_sdp_desay/qnx710/target/qnx7/x86_64/usr/lib:/home/uss/qnx710_sdp_desay/qnx710/target/qnx7/x86_64/opt/lib] ==> dirs [/home/uss/qnx710_sdp_desay/qnx710/target/qnx7/x86_64/lib;/home/uss/qnx710_sdp_desay/qnx710/target/qnx7/x86_64/usr/lib;/home/uss/qnx710_sdp_desay/qnx710/target/qnx7/x86_64/opt/lib]
    arg [-L/home/uss/qnx710_sdp_desay/qnx710/host/linux/x86_64/usr/lib/gcc/x86_64-pc-nto-qnx7.1.0/8.3.0/] ==> dir [/home/uss/qnx710_sdp_desay/qnx710/host/linux/x86_64/usr/lib/gcc/x86_64-pc-nto-qnx7.1.0/8.3.0/]
    arg [-L/home/uss/qnx710_sdp_desay/qnx710/target/qnx7/x86_64/lib/gcc/8.3.0] ==> dir [/home/uss/qnx710_sdp_desay/qnx710/target/qnx7/x86_64/lib/gcc/8.3.0]
    arg [-L/home/uss/qnx710_sdp_desay/qnx710/target/qnx7/usr/x86_64-pc-nto-qnx7.1.0/lib/] ==> dir [/home/uss/qnx710_sdp_desay/qnx710/target/qnx7/usr/x86_64-pc-nto-qnx7.1.0/lib/]
    arg [-L/home/uss/qnx710_sdp_desay/qnx710/target/qnx7/x86_64/lib/] ==> dir [/home/uss/qnx710_sdp_desay/qnx710/target/qnx7/x86_64/lib/]
    arg [-L/home/uss/qnx710_sdp_desay/qnx710/target/qnx7/x86_64/lib] ==> dir [/home/uss/qnx710_sdp_desay/qnx710/target/qnx7/x86_64/lib]
    arg [-L/home/uss/qnx710_sdp_desay/qnx710/target/qnx7/x86_64/usr/lib] ==> dir [/home/uss/qnx710_sdp_desay/qnx710/target/qnx7/x86_64/usr/lib]
    arg [-L/home/uss/qnx710_sdp_desay/qnx710/target/qnx7/x86_64/opt/lib] ==> dir [/home/uss/qnx710_sdp_desay/qnx710/target/qnx7/x86_64/opt/lib]
    arg [-lc++] ==> lib [c++]
    arg [-lm] ==> lib [m]
    arg [-lc] ==> lib [c]
    arg [-lcS] ==> lib [cS]
    arg [-lgcc_s] ==> lib [gcc_s]
    arg [-lgcc_eh] ==> lib [gcc_eh]
    arg [/home/uss/qnx710_sdp_desay/qnx710/host/linux/x86_64/usr/lib/gcc/x86_64-pc-nto-qnx7.1.0/8.3.0/pic/crtend.o] ==> ignore
    arg [/home/uss/qnx710_sdp_desay/qnx710/target/qnx7/x86_64/lib/crtn.o] ==> ignore
  remove lib [gcc_eh]
  collapse library dir [/home/uss/qnx710_sdp_desay/qnx710/target/qnx7/x86_64/lib] ==> [/home/uss/qnx710_sdp_desay/qnx710/target/qnx7/x86_64/lib]
  collapse library dir [/home/uss/qnx710_sdp_desay/qnx710/target/qnx7/x86_64/usr/lib] ==> [/home/uss/qnx710_sdp_desay/qnx710/target/qnx7/x86_64/usr/lib]
  collapse library dir [/home/uss/qnx710_sdp_desay/qnx710/target/qnx7/x86_64/opt/lib] ==> [/home/uss/qnx710_sdp_desay/qnx710/target/qnx7/x86_64/opt/lib]
  collapse library dir [/home/uss/qnx710_sdp_desay/qnx710/host/linux/x86_64/usr/lib/gcc/x86_64-pc-nto-qnx7.1.0/8.3.0/] ==> [/home/uss/qnx710_sdp_desay/qnx710/host/linux/x86_64/usr/lib/gcc/x86_64-pc-nto-qnx7.1.0/8.3.0]
  collapse library dir [/home/uss/qnx710_sdp_desay/qnx710/target/qnx7/x86_64/lib/gcc/8.3.0] ==> [/home/uss/qnx710_sdp_desay/qnx710/target/qnx7/x86_64/lib/gcc/8.3.0]
  collapse library dir [/home/uss/qnx710_sdp_desay/qnx710/target/qnx7/usr/x86_64-pc-nto-qnx7.1.0/lib/] ==> [/home/uss/qnx710_sdp_desay/qnx710/target/qnx7/usr/x86_64-pc-nto-qnx7.1.0/lib]
  collapse library dir [/home/uss/qnx710_sdp_desay/qnx710/target/qnx7/x86_64/lib/] ==> [/home/uss/qnx710_sdp_desay/qnx710/target/qnx7/x86_64/lib]
  collapse library dir [/home/uss/qnx710_sdp_desay/qnx710/target/qnx7/x86_64/lib] ==> [/home/uss/qnx710_sdp_desay/qnx710/target/qnx7/x86_64/lib]
  collapse library dir [/home/uss/qnx710_sdp_desay/qnx710/target/qnx7/x86_64/usr/lib] ==> [/home/uss/qnx710_sdp_desay/qnx710/target/qnx7/x86_64/usr/lib]
  collapse library dir [/home/uss/qnx710_sdp_desay/qnx710/target/qnx7/x86_64/opt/lib] ==> [/home/uss/qnx710_sdp_desay/qnx710/target/qnx7/x86_64/opt/lib]
  implicit libs: [c++;m;c;cS;gcc_s]
  implicit dirs: [/home/uss/qnx710_sdp_desay/qnx710/target/qnx7/x86_64/lib;/home/uss/qnx710_sdp_desay/qnx710/target/qnx7/x86_64/usr/lib;/home/uss/qnx710_sdp_desay/qnx710/target/qnx7/x86_64/opt/lib;/home/uss/qnx710_sdp_desay/qnx710/host/linux/x86_64/usr/lib/gcc/x86_64-pc-nto-qnx7.1.0/8.3.0;/home/uss/qnx710_sdp_desay/qnx710/target/qnx7/x86_64/lib/gcc/8.3.0;/home/uss/qnx710_sdp_desay/qnx710/target/qnx7/usr/x86_64-pc-nto-qnx7.1.0/lib]
  implicit fwks: []


